<?xml version="1.0" encoding="UTF-8"?>
<!-- Generated by org.testng.reporters.JUnitReportReporter -->
<testsuite hostname="Pavan" failures="0" tests="2" name="JavaStream.JavaStrems" time="0.025" errors="0" timestamp="2024-08-02T16:38:15 IST" skipped="0">
  <testcase classname="JavaStream.JavaStrems" name="regular" time="0.002"/>
  <testcase classname="JavaStream.JavaStrems" name="Streams" time="0.023"/>
</testsuite> <!-- JavaStream.JavaStrems -->
